<?xml version="1.0" encoding="UTF-8"?>
<testsuite xmlns:xsi="http://www.w3.org/2001/XMLSchema-instance" xsi:noNamespaceSchemaLocation="https://maven.apache.org/surefire/maven-surefire-plugin/xsd/surefire-test-report.xsd" version="3.0.2" name="ProducerTest" time="0.039" tests="1" errors="0" skipped="0" failures="0">
  <properties>
[...]
</properties>
  <testcase name="testProducer" classname="ProducerTest" time="0.023">
    <system-out><![CDATA[Produced :Message{employeeName:'Anil Patel'}
Produced :Message{employeeName:'Akash Mehta'}
Consumed :Message{employeeName:'Anil Patel'}
Consumed :Message{employeeName:'Akash Mehta'}
]]></system-out>
  </testcase>
</testsuite>